<?xml version="1.0" encoding="UTF-8"?>
<!-- Generated by org.testng.reporters.JUnitReportReporter -->
<testsuite hostname="DESKTOP-NQO6M38" failures="0" tests="1" name="org.testscripts.Surya" time="46.046" errors="1" timestamp="2024-07-31T10:03:15 IST" skipped="0">
  <testcase classname="org.testscripts.Surya" name="test" time="46.046">
    <error message="element click intercepted: Element &lt;div class=&quot;___77lcry0 f10pi13n&quot; role=&quot;none&quot; aria-label=&quot;Teams&quot; style=&quot;&quot;&gt;...&lt;/div&gt; is not clickable at point (34, 188). Other element would receive the click: &lt;button type=&quot;button&quot; id=&quot;86fcd49b-61a2-4701-b771-54728cd291fb&quot; data-tid=&quot;86fcd49b-61a2-4701-b771-54728cd291fb&quot; aria-label=&quot;Chat&quot; aria-pressed=&quot;true&quot; aria-describedby=&quot;readerBox-86fcd49b-61a2-4701-b771-54728cd291fb&quot; role=&quot;button&quot; data-clicklog=&quot;custom&quot; class=&quot;fui-Button r1alrhcs ___1rudan6 f1sl3k7w f136y8j8 f1brlhvm f10xn8zz ftgf7lp f1m4tk7k fre7gi1 f1358rze fqdk4by f1rvrf73 fzki0ko f3swjwz f1hu3pq6 f19f4twv figsok6 f1q9pm1r f1xqy1su f1sdsnyy ftqa4ok f2hkw1w f8hki3x f1d2448m f1bjia2o ffh67wi f226i61 f13kzufm flujwa2 fsx75g8 f15bsgw9 f14e48fq f18yb2kv fd6o370 fh1cnn4 fy7oxxb fpukqih f184ne2d frrh606 f1v5zibi ful5kiu fo2hd23 f1jqcqds ftffrms f2e7qr6 fsr1zz6 f1dvezut fd0oaoj fjvm52t f1cwg4i8 f1mywlt f1njr18z fiwyskv f1o5h46z f1q3txrk f1o7qkhw fode6gy fd2qbv0 fiu8gst fsuw20m f1krrbdw f1deotkl f10ostut f1ozlkrg fkc42ay f1rirnrt&quot;&gt;...&lt;/button&gt;
  (Session info: chrome=127.0.6533.73)
Build info: version: &#039;4.18.1&#039;, revision: &#039;b1d3319b48&#039;
System info: os.name: &#039;Windows 10&#039;, os.arch: &#039;amd64&#039;, os.version: &#039;10.0&#039;, java.version: &#039;17.0.9&#039;
Driver info: org.openqa.selenium.chrome.ChromeDriver
Command: [77168729a35b3c1abc887edc21062334, clickElement {id=f.8580C0F61BD7D3FAF0B8C6015419D0DD.d.58843CD5AE499772E39793CA905F7BBC.e.24}]
Capabilities {acceptInsecureCerts: false, browserName: chrome, browserVersion: 127.0.6533.73, chrome: {chromedriverVersion: 127.0.6533.88 (a2d0cb026721..., userDataDir: C:\Users\user\AppData\Local...}, fedcm:accounts: true, goog:chromeOptions: {debuggerAddress: localhost:63345}, networkConnectionEnabled: false, pageLoadStrategy: normal, platformName: windows, proxy: Proxy(), se:cdp: ws://localhost:63345/devtoo..., se:cdpVersion: 127.0.6533.73, setWindowRect: true, strictFileInteractability: false, timeouts: {implicit: 0, pageLoad: 300000, script: 30000}, unhandledPromptBehavior: dismiss and notify, webauthn:extension:credBlob: true, webauthn:extension:largeBlob: true, webauthn:extension:minPinLength: true, webauthn:extension:prf: true, webauthn:virtualAuthenticators: true}
Element: [[ChromeDriver: chrome on windows (77168729a35b3c1abc887edc21062334)] -&gt; xpath: //div[@aria-label=&#039;Teams&#039;]]
Session ID: 77168729a35b3c1abc887edc21062334" type="org.openqa.selenium.ElementClickInterceptedException">
      <![CDATA[org.openqa.selenium.ElementClickInterceptedException: element click intercepted: Element <div class="___77lcry0 f10pi13n" role="none" aria-label="Teams" style="">...</div> is not clickable at point (34, 188). Other element would receive the click: <button type="button" id="86fcd49b-61a2-4701-b771-54728cd291fb" data-tid="86fcd49b-61a2-4701-b771-54728cd291fb" aria-label="Chat" aria-pressed="true" aria-describedby="readerBox-86fcd49b-61a2-4701-b771-54728cd291fb" role="button" data-clicklog="custom" class="fui-Button r1alrhcs ___1rudan6 f1sl3k7w f136y8j8 f1brlhvm f10xn8zz ftgf7lp f1m4tk7k fre7gi1 f1358rze fqdk4by f1rvrf73 fzki0ko f3swjwz f1hu3pq6 f19f4twv figsok6 f1q9pm1r f1xqy1su f1sdsnyy ftqa4ok f2hkw1w f8hki3x f1d2448m f1bjia2o ffh67wi f226i61 f13kzufm flujwa2 fsx75g8 f15bsgw9 f14e48fq f18yb2kv fd6o370 fh1cnn4 fy7oxxb fpukqih f184ne2d frrh606 f1v5zibi ful5kiu fo2hd23 f1jqcqds ftffrms f2e7qr6 fsr1zz6 f1dvezut fd0oaoj fjvm52t f1cwg4i8 f1mywlt f1njr18z fiwyskv f1o5h46z f1q3txrk f1o7qkhw fode6gy fd2qbv0 fiu8gst fsuw20m f1krrbdw f1deotkl f10ostut f1ozlkrg fkc42ay f1rirnrt">...</button>
  (Session info: chrome=127.0.6533.73)
Build info: version: '4.18.1', revision: 'b1d3319b48'
System info: os.name: 'Windows 10', os.arch: 'amd64', os.version: '10.0', java.version: '17.0.9'
Driver info: org.openqa.selenium.chrome.ChromeDriver
Command: [77168729a35b3c1abc887edc21062334, clickElement {id=f.8580C0F61BD7D3FAF0B8C6015419D0DD.d.58843CD5AE499772E39793CA905F7BBC.e.24}]
Capabilities {acceptInsecureCerts: false, browserName: chrome, browserVersion: 127.0.6533.73, chrome: {chromedriverVersion: 127.0.6533.88 (a2d0cb026721..., userDataDir: C:\Users\user\AppData\Local...}, fedcm:accounts: true, goog:chromeOptions: {debuggerAddress: localhost:63345}, networkConnectionEnabled: false, pageLoadStrategy: normal, platformName: windows, proxy: Proxy(), se:cdp: ws://localhost:63345/devtoo..., se:cdpVersion: 127.0.6533.73, setWindowRect: true, strictFileInteractability: false, timeouts: {implicit: 0, pageLoad: 300000, script: 30000}, unhandledPromptBehavior: dismiss and notify, webauthn:extension:credBlob: true, webauthn:extension:largeBlob: true, webauthn:extension:minPinLength: true, webauthn:extension:prf: true, webauthn:virtualAuthenticators: true}
Element: [[ChromeDriver: chrome on windows (77168729a35b3c1abc887edc21062334)] -> xpath: //div[@aria-label='Teams']]
Session ID: 77168729a35b3c1abc887edc21062334
at java.base/jdk.internal.reflect.NativeConstructorAccessorImpl.newInstance0(Native Method)
at java.base/jdk.internal.reflect.NativeConstructorAccessorImpl.newInstance(NativeConstructorAccessorImpl.java:77)
at java.base/jdk.internal.reflect.DelegatingConstructorAccessorImpl.newInstance(DelegatingConstructorAccessorImpl.java:45)
at java.base/java.lang.reflect.Constructor.newInstanceWithCaller(Constructor.java:499)
at java.base/java.lang.reflect.Constructor.newInstance(Constructor.java:480)
at org.openqa.selenium.remote.ErrorCodec.decode(ErrorCodec.java:167)
at org.openqa.selenium.remote.codec.w3c.W3CHttpResponseCodec.decode(W3CHttpResponseCodec.java:138)
at org.openqa.selenium.remote.codec.w3c.W3CHttpResponseCodec.decode(W3CHttpResponseCodec.java:50)
at org.openqa.selenium.remote.HttpCommandExecutor.execute(HttpCommandExecutor.java:190)
at org.openqa.selenium.remote.service.DriverCommandExecutor.invokeExecute(DriverCommandExecutor.java:216)
at org.openqa.selenium.remote.service.DriverCommandExecutor.execute(DriverCommandExecutor.java:174)
at org.openqa.selenium.remote.RemoteWebDriver.execute(RemoteWebDriver.java:519)
at org.openqa.selenium.remote.RemoteWebElement.execute(RemoteWebElement.java:223)
at org.openqa.selenium.remote.RemoteWebElement.click(RemoteWebElement.java:76)
at java.base/jdk.internal.reflect.NativeMethodAccessorImpl.invoke0(Native Method)
at java.base/jdk.internal.reflect.NativeMethodAccessorImpl.invoke(NativeMethodAccessorImpl.java:77)
at java.base/jdk.internal.reflect.DelegatingMethodAccessorImpl.invoke(DelegatingMethodAccessorImpl.java:43)
at java.base/java.lang.reflect.Method.invoke(Method.java:568)
at org.openqa.selenium.support.pagefactory.internal.LocatingElementHandler.invoke(LocatingElementHandler.java:51)
at jdk.proxy2/jdk.proxy2.$Proxy13.click(Unknown Source)
at org.objectRepository.UploadFileInTeamspage.uploadResume(UploadFileInTeamspage.java:55)
at org.testscripts.Surya.test(Surya.java:28)
at java.base/jdk.internal.reflect.NativeMethodAccessorImpl.invoke0(Native Method)
at java.base/jdk.internal.reflect.NativeMethodAccessorImpl.invoke(NativeMethodAccessorImpl.java:77)
at java.base/jdk.internal.reflect.DelegatingMethodAccessorImpl.invoke(DelegatingMethodAccessorImpl.java:43)
at java.base/java.lang.reflect.Method.invoke(Method.java:568)
at org.testng.internal.MethodInvocationHelper.invokeMethod(MethodInvocationHelper.java:133)
at org.testng.internal.TestInvoker.invokeMethod(TestInvoker.java:598)
at org.testng.internal.TestInvoker.invokeTestMethod(TestInvoker.java:173)
at org.testng.internal.MethodRunner.runInSequence(MethodRunner.java:46)
at org.testng.internal.TestInvoker$MethodInvocationAgent.invoke(TestInvoker.java:824)
at org.testng.internal.TestInvoker.invokeTestMethods(TestInvoker.java:146)
at org.testng.internal.TestMethodWorker.invokeTestMethods(TestMethodWorker.java:146)
at org.testng.internal.TestMethodWorker.run(TestMethodWorker.java:128)
at java.base/java.util.ArrayList.forEach(ArrayList.java:1511)
at org.testng.TestRunner.privateRun(TestRunner.java:794)
at org.testng.TestRunner.run(TestRunner.java:596)
at org.testng.SuiteRunner.runTest(SuiteRunner.java:377)
at org.testng.SuiteRunner.runSequentially(SuiteRunner.java:371)
at org.testng.SuiteRunner.privateRun(SuiteRunner.java:332)
at org.testng.SuiteRunner.run(SuiteRunner.java:276)
at org.testng.SuiteRunnerWorker.runSuite(SuiteRunnerWorker.java:53)
at org.testng.SuiteRunnerWorker.run(SuiteRunnerWorker.java:96)
at org.testng.TestNG.runSuitesSequentially(TestNG.java:1212)
at org.testng.TestNG.runSuitesLocally(TestNG.java:1134)
at org.testng.TestNG.runSuites(TestNG.java:1063)
at org.testng.TestNG.run(TestNG.java:1031)
at org.testng.remote.AbstractRemoteTestNG.run(AbstractRemoteTestNG.java:115)
at org.testng.remote.RemoteTestNG.initAndRun(RemoteTestNG.java:251)
at org.testng.remote.RemoteTestNG.main(RemoteTestNG.java:77)
]]>
    </error>
  </testcase> <!-- test -->
  <system-out/>
</testsuite> <!-- org.testscripts.Surya -->
